This is XeTeX, Version 3.14159265-2.6-0.99992 (TeX Live 2015) (preloaded format=xelatex 2015.5.24)  16 APR 2017 15:50
entering extended mode
 restricted \write18 enabled.
 %&-line parsing enabled.
**/Users/sugeerthmurugesan/Desktop/flask-ghpages-example-master/project/setting
s.py

(/Users/sugeerthmurugesan/Desktop/flask-ghpages-example-master/project/settings
.py
LaTeX2e <2015/01/01>
Babel <3.9l> and hyphenation patterns for 79 languages loaded.
! You can't use `macro parameter character #' in vertical mode.
l.1 #
      -*- coding: utf-8 -*-
? 
! Emergency stop.
l.1 #
      -*- coding: utf-8 -*-
End of file on the terminal!

 
Here is how much of TeX's memory you used:
 6 strings out of 493706
 255 string characters out of 6145769
 53323 words of memory out of 5000000
 3446 multiletter control sequences out of 15000+600000
 3640 words of font info for 14 fonts, out of 8000000 for 9000
 1328 hyphenation exceptions out of 8191
 5i,0n,1p,107b,8s stack positions out of 5000i,500n,10000p,200000b,80000s
No pages of output.
